{"C:\\Users\\Suryansh Ayush\\sweet_shop_management_system\\backend\\src\\app.ts": {"path":"C:\\Users\\Suryansh Ayush\\sweet_shop_management_system\\backend\\src\\app.ts","statementMap":{"0":{"start":{"line":1,"column":0},"end":{"line":1,"column":30}},"1":{"start":{"line":2,"column":0},"end":{"line":2,"column":45}},"2":{"start":{"line":4,"column":12},"end":{"line":4,"column":21}},"3":{"start":{"line":6,"column":0},"end":{"line":6,"column":24}},"4":{"start":{"line":8,"column":0},"end":{"line":8,"column":33}},"5":{"start":{"line":13,"column":0},"end":{"line":13,"column":19}}},"fnMap":{},"branchMap":{},"s":{"0":1,"1":1,"2":1,"3":1,"4":1,"5":1},"f":{},"b":{}}
,"C:\\Users\\Suryansh Ayush\\sweet_shop_management_system\\backend\\src\\lib\\prisma.ts": {"path":"C:\\Users\\Suryansh Ayush\\sweet_shop_management_system\\backend\\src\\lib\\prisma.ts","statementMap":{"0":{"start":{"line":2,"column":0},"end":{"line":2,"column":46}},"1":{"start":{"line":3,"column":0},"end":{"line":3,"column":46}},"2":{"start":{"line":4,"column":0},"end":{"line":4,"column":26}},"3":{"start":{"line":5,"column":0},"end":{"line":5,"column":28}},"4":{"start":{"line":7,"column":0},"end":{"line":7,"column":16}},"5":{"start":{"line":9,"column":24},"end":{"line":9,"column":null}},"6":{"start":{"line":14,"column":13},"end":{"line":16,"column":2}},"7":{"start":{"line":19,"column":16},"end":{"line":19,"column":34}},"8":{"start":{"line":22,"column":21},"end":{"line":25,"column":2}},"9":{"start":{"line":27,"column":13},"end":{"line":27,"column":61}},"10":{"start":{"line":29,"column":0},"end":{"line":31,"column":1}},"11":{"start":{"line":30,"column":2},"end":{"line":30,"column":34}},"12":{"start":{"line":33,"column":0},"end":{"line":33,"column":22}}},"fnMap":{},"branchMap":{"0":{"loc":{"start":{"line":27,"column":22},"end":{"line":27,"column":60}},"type":"cond-expr","locations":[{"start":{"line":27,"column":44},"end":{"line":27,"column":48}},{"start":{"line":27,"column":48},"end":{"line":27,"column":60}}]},"1":{"loc":{"start":{"line":27,"column":22},"end":{"line":27,"column":48}},"type":"binary-expr","locations":[{"start":{"line":27,"column":22},"end":{"line":27,"column":48}},{"start":{"line":27,"column":44},"end":{"line":27,"column":48}}]},"2":{"loc":{"start":{"line":29,"column":0},"end":{"line":31,"column":1}},"type":"if","locations":[{"start":{"line":29,"column":0},"end":{"line":31,"column":1}},{"start":{},"end":{}}]}},"s":{"0":1,"1":1,"2":1,"3":1,"4":1,"5":1,"6":1,"7":1,"8":1,"9":1,"10":1,"11":1,"12":1},"f":{},"b":{"0":[0,1],"1":[1,1],"2":[1,0]}}
,"C:\\Users\\Suryansh Ayush\\sweet_shop_management_system\\backend\\src\\routes\\authRouter.ts": {"path":"C:\\Users\\Suryansh Ayush\\sweet_shop_management_system\\backend\\src\\routes\\authRouter.ts","statementMap":{"0":{"start":{"line":1,"column":0},"end":{"line":1,"column":30}},"1":{"start":{"line":2,"column":0},"end":{"line":2,"column":51}},"2":{"start":{"line":4,"column":15},"end":{"line":4,"column":31}},"3":{"start":{"line":6,"column":0},"end":{"line":24,"column":3}},"4":{"start":{"line":6,"column":44},"end":{"line":24,"column":2}},"5":{"start":{"line":7,"column":2},"end":{"line":23,"column":3}},"6":{"start":{"line":8,"column":47},"end":{"line":8,"column":55}},"7":{"start":{"line":11,"column":4},"end":{"line":13,"column":5}},"8":{"start":{"line":12,"column":6},"end":{"line":12,"column":78}},"9":{"start":{"line":15,"column":28},"end":{"line":15,"column":72}},"10":{"start":{"line":17,"column":4},"end":{"line":17,"column":95}},"11":{"start":{"line":19,"column":4},"end":{"line":21,"column":5}},"12":{"start":{"line":20,"column":6},"end":{"line":20,"column":71}},"13":{"start":{"line":22,"column":4},"end":{"line":22,"column":54}},"14":{"start":{"line":28,"column":0},"end":{"line":28,"column":22}}},"fnMap":{"0":{"name":"(anonymous_8)","decl":{"start":{"line":6,"column":25},"end":{"line":6,"column":32}},"loc":{"start":{"line":6,"column":44},"end":{"line":24,"column":2}}},"1":{"name":"(anonymous_9)","decl":{"start":{"line":6,"column":44},"end":{"line":6,"column":null}},"loc":{"start":{"line":6,"column":44},"end":{"line":24,"column":1}}}},"branchMap":{"0":{"loc":{"start":{"line":8,"column":29},"end":{"line":8,"column":42}},"type":"default-arg","locations":[{"start":{"line":8,"column":36},"end":{"line":8,"column":42}}]},"1":{"loc":{"start":{"line":11,"column":4},"end":{"line":13,"column":5}},"type":"if","locations":[{"start":{"line":11,"column":4},"end":{"line":13,"column":5}},{"start":{},"end":{}}]},"2":{"loc":{"start":{"line":11,"column":8},"end":{"line":11,"column":27}},"type":"binary-expr","locations":[{"start":{"line":11,"column":8},"end":{"line":11,"column":14}},{"start":{"line":11,"column":18},"end":{"line":11,"column":27}}]},"3":{"loc":{"start":{"line":19,"column":4},"end":{"line":21,"column":5}},"type":"if","locations":[{"start":{"line":19,"column":4},"end":{"line":21,"column":5}},{"start":{},"end":{}}]}},"s":{"0":1,"1":1,"2":1,"3":1,"4":1,"5":1,"6":1,"7":1,"8":0,"9":1,"10":1,"11":0,"12":0,"13":0,"14":1},"f":{"0":1,"1":1},"b":{"0":[0],"1":[0,1],"2":[1,1],"3":[0,0]}}
,"C:\\Users\\Suryansh Ayush\\sweet_shop_management_system\\backend\\src\\services\\authService.ts": {"path":"C:\\Users\\Suryansh Ayush\\sweet_shop_management_system\\backend\\src\\services\\authService.ts","statementMap":{"0":{"start":{"line":7,"column":0},"end":{"line":7,"column":22}},"1":{"start":{"line":2,"column":0},"end":{"line":2,"column":35}},"2":{"start":{"line":3,"column":0},"end":{"line":3,"column":38}},"3":{"start":{"line":4,"column":0},"end":{"line":4,"column":28}},"4":{"start":{"line":5,"column":0},"end":{"line":5,"column":31}},"5":{"start":{"line":7,"column":31},"end":{"line":18,"column":null}},"6":{"start":{"line":8,"column":17},"end":{"line":8,"column":48}},"7":{"start":{"line":9,"column":15},"end":{"line":11,"column":4}},"8":{"start":{"line":12,"column":16},"end":{"line":15,"column":null}},"9":{"start":{"line":17,"column":2},"end":{"line":17,"column":25}}},"fnMap":{"0":{"name":"register","decl":{"start":{"line":7,"column":22},"end":{"line":7,"column":30}},"loc":{"start":{"line":7,"column":30},"end":{"line":18,"column":null}}},"1":{"name":"(anonymous_9)","decl":{"start":{"line":7,"column":31},"end":{"line":7,"column":44}},"loc":{"start":{"line":7,"column":86},"end":{"line":18,"column":1}}}},"branchMap":{"0":{"loc":{"start":{"line":7,"column":64},"end":{"line":7,"column":86}},"type":"default-arg","locations":[{"start":{"line":7,"column":77},"end":{"line":7,"column":86}}]},"1":{"loc":{"start":{"line":14,"column":4},"end":{"line":14,"column":47}},"type":"binary-expr","locations":[{"start":{"line":14,"column":4},"end":{"line":14,"column":26}},{"start":{"line":14,"column":30},"end":{"line":14,"column":47}}]}},"s":{"0":1,"1":1,"2":1,"3":1,"4":1,"5":1,"6":1,"7":1,"8":1,"9":1},"f":{"0":1,"1":1},"b":{"0":[0],"1":[1,0]}}
}
