TN:
SF:src\app.ts
FN:16,(anonymous_1)
FNF:1
FNH:0
FNDA:0,(anonymous_1)
DA:1,2
DA:2,2
DA:3,2
DA:4,2
DA:6,2
DA:8,2
DA:10,2
DA:12,2
DA:13,2
DA:16,2
DA:17,0
DA:18,0
DA:21,2
LF:13
LH:11
BRF:0
BRH:0
end_of_record
TN:
SF:src\lib\prisma.ts
FNF:0
FNH:0
DA:2,2
DA:3,2
DA:4,2
DA:5,2
DA:7,2
DA:9,2
DA:13,2
DA:17,2
DA:19,2
DA:24,2
DA:26,2
DA:27,2
DA:30,2
LF:13
LH:13
BRDA:24,0,0,0
BRDA:24,0,1,2
BRDA:24,1,0,2
BRDA:24,1,1,2
BRDA:26,2,0,2
BRDA:26,2,1,0
BRF:6
BRH:4
end_of_record
TN:
SF:src\middleware\auth.ts
FN:12,(anonymous_1)
FN:29,(anonymous_2)
FNF:2
FNH:2
FNDA:3,(anonymous_1)
FNDA:1,(anonymous_2)
DA:2,2
DA:12,2
DA:13,3
DA:14,3
DA:15,0
DA:18,3
DA:20,3
DA:21,3
DA:22,3
DA:23,3
DA:25,0
DA:29,2
DA:30,1
DA:31,0
DA:33,1
LF:15
LH:12
BRDA:14,0,0,0
BRDA:14,0,1,3
BRDA:14,1,0,0
BRDA:14,1,1,3
BRDA:14,2,0,3
BRDA:14,2,1,3
BRDA:30,3,0,0
BRDA:30,3,1,1
BRDA:30,4,0,0
BRDA:30,4,1,1
BRDA:30,5,0,1
BRDA:30,5,1,1
BRF:12
BRH:8
end_of_record
TN:
SF:src\routes\authRouter.ts
FN:6,(anonymous_8)
FN:6,(anonymous_9)
FN:21,(anonymous_10)
FN:21,(anonymous_11)
FNF:4
FNH:4
FNDA:4,(anonymous_8)
FNDA:4,(anonymous_9)
FNDA:1,(anonymous_10)
FNDA:1,(anonymous_11)
DA:1,2
DA:2,2
DA:4,2
DA:6,4
DA:7,4
DA:8,4
DA:9,4
DA:11,4
DA:12,4
DA:14,0
DA:15,0
DA:17,0
DA:21,2
DA:22,1
DA:23,1
DA:24,1
DA:26,1
DA:27,1
DA:29,0
DA:33,2
LF:20
LH:16
BRDA:9,0,0,0
BRDA:9,0,1,4
BRDA:9,1,0,4
BRDA:9,1,1,4
BRDA:14,2,0,0
BRDA:14,2,1,0
BRDA:17,3,0,0
BRDA:17,3,1,0
BRDA:24,4,0,0
BRDA:24,4,1,1
BRDA:24,5,0,1
BRDA:24,5,1,1
BRF:12
BRH:6
end_of_record
TN:
SF:src\routes\sweetsRouter.ts
FN:9,(anonymous_17)
FN:9,(anonymous_18)
FN:19,(anonymous_19)
FN:19,(anonymous_20)
FN:24,(anonymous_21)
FN:24,(anonymous_22)
FN:35,(anonymous_23)
FN:35,(anonymous_24)
FN:45,(anonymous_25)
FN:45,(anonymous_26)
FN:55,(anonymous_27)
FN:55,(anonymous_28)
FN:65,(anonymous_29)
FN:65,(anonymous_30)
FNF:14
FNH:6
FNDA:1,(anonymous_17)
FNDA:1,(anonymous_18)
FNDA:1,(anonymous_19)
FNDA:1,(anonymous_20)
FNDA:0,(anonymous_21)
FNDA:0,(anonymous_22)
FNDA:0,(anonymous_23)
FNDA:0,(anonymous_24)
FNDA:0,(anonymous_25)
FNDA:0,(anonymous_26)
FNDA:1,(anonymous_27)
FNDA:1,(anonymous_28)
FNDA:0,(anonymous_29)
FNDA:0,(anonymous_30)
DA:1,2
DA:2,2
DA:3,2
DA:5,2
DA:7,2
DA:9,2
DA:10,1
DA:11,1
DA:12,1
DA:13,1
DA:15,0
DA:19,2
DA:20,1
DA:21,1
DA:24,2
DA:25,0
DA:26,0
DA:32,0
DA:35,2
DA:36,0
DA:37,0
DA:38,0
DA:39,0
DA:41,0
DA:45,2
DA:46,0
DA:47,0
DA:48,0
DA:49,0
DA:51,0
DA:55,2
DA:56,1
DA:57,1
DA:58,1
DA:59,1
DA:61,0
DA:65,2
DA:66,0
DA:67,0
DA:68,0
DA:69,0
DA:71,0
DA:72,0
DA:74,0
DA:78,2
LF:45
LH:23
BRDA:11,0,0,0
BRDA:29,1,0,0
BRDA:29,1,1,0
BRDA:30,2,0,0
BRDA:30,2,1,0
BRDA:69,3,0,0
BRDA:69,3,1,0
BRDA:69,4,0,0
BRDA:69,4,1,0
BRF:9
BRH:0
end_of_record
TN:
SF:src\services\authService.ts
FN:6,register
FN:6,(anonymous_9)
FN:21,login
FNF:3
FNH:3
FNDA:4,register
FNDA:4,(anonymous_9)
FNDA:1,login
DA:1,2
DA:2,2
DA:3,2
DA:4,2
DA:6,4
DA:7,4
DA:8,4
DA:12,4
DA:18,4
DA:21,2
DA:22,1
DA:23,1
DA:25,1
DA:26,1
DA:28,1
DA:34,1
LF:16
LH:16
BRDA:6,0,0,3
BRDA:23,1,0,0
BRDA:23,1,1,1
BRDA:26,2,0,0
BRDA:26,2,1,1
BRF:5
BRH:3
end_of_record
TN:
SF:src\services\sweetService.ts
FN:3,createSweet
FN:7,getAllSweets
FN:11,searchSweets
FN:29,updateSweet
FN:33,deleteSweet
FN:37,purchaseSweet
FN:48,restockSweet
FNF:7
FNH:3
FNDA:1,createSweet
FNDA:1,getAllSweets
FNDA:0,searchSweets
FNDA:0,updateSweet
FNDA:0,deleteSweet
FNDA:1,purchaseSweet
FNDA:0,restockSweet
DA:1,2
DA:3,2
DA:4,1
DA:7,2
DA:8,1
DA:11,2
DA:17,0
DA:29,2
DA:30,0
DA:33,2
DA:34,0
DA:37,2
DA:38,1
DA:39,1
DA:40,0
DA:42,1
DA:48,2
DA:49,0
LF:18
LH:13
BRDA:20,0,0,0
BRDA:20,0,1,0
BRDA:21,1,0,0
BRDA:21,1,1,0
BRDA:22,2,0,0
BRDA:22,2,1,0
BRDA:23,3,0,0
BRDA:23,3,1,0
BRDA:39,4,0,0
BRDA:39,4,1,1
BRDA:39,5,0,1
BRDA:39,5,1,1
BRF:12
BRH:3
end_of_record
