TN:
SF:src\app.ts
FNF:0
FNH:0
DA:1,1
DA:2,1
DA:4,1
DA:6,1
DA:8,1
DA:13,1
LF:6
LH:6
BRF:0
BRH:0
end_of_record
TN:
SF:src\lib\prisma.ts
FNF:0
FNH:0
DA:2,1
DA:3,1
DA:4,1
DA:5,1
DA:7,1
DA:9,1
DA:14,1
DA:19,1
DA:22,1
DA:27,1
DA:29,1
DA:30,1
DA:33,1
LF:13
LH:13
BRDA:27,0,0,0
BRDA:27,0,1,1
BRDA:27,1,0,1
BRDA:27,1,1,1
BRDA:29,2,0,1
BRDA:29,2,1,0
BRF:6
BRH:4
end_of_record
TN:
SF:src\routes\authRouter.ts
FN:6,(anonymous_8)
FN:6,(anonymous_9)
FNF:2
FNH:2
FNDA:1,(anonymous_8)
FNDA:1,(anonymous_9)
DA:1,1
DA:2,1
DA:4,1
DA:6,1
DA:7,1
DA:8,1
DA:11,1
DA:12,0
DA:15,1
DA:17,1
DA:19,0
DA:20,0
DA:22,0
DA:28,1
LF:14
LH:10
BRDA:8,0,0,0
BRDA:11,1,0,0
BRDA:11,1,1,1
BRDA:11,2,0,1
BRDA:11,2,1,1
BRDA:19,3,0,0
BRDA:19,3,1,0
BRF:7
BRH:3
end_of_record
TN:
SF:src\services\authService.ts
FN:7,register
FN:7,(anonymous_9)
FNF:2
FNH:2
FNDA:1,register
FNDA:1,(anonymous_9)
DA:2,1
DA:3,1
DA:4,1
DA:5,1
DA:7,1
DA:8,1
DA:9,1
DA:12,1
DA:17,1
LF:9
LH:9
BRDA:7,0,0,0
BRDA:14,1,0,1
BRDA:14,1,1,0
BRF:3
BRH:1
end_of_record
